[debug] [2021-12-07T14:33:01.033Z] ----------------------------------------------------------------------
[debug] [2021-12-07T14:33:01.034Z] Command:       C:\Program Files\nodejs\node.exe C:\Users\pcoll\AppData\Roaming\npm\node_modules\firebase-tools\lib\bin\firebase.js serve
[debug] [2021-12-07T14:33:01.035Z] CLI Version:   9.16.0
[debug] [2021-12-07T14:33:01.035Z] Platform:      win32
[debug] [2021-12-07T14:33:01.035Z] Node Version:  v14.16.0
[debug] [2021-12-07T14:33:01.041Z] Time:          Tue Dec 07 2021 14:33:01 GMT+0000 (Greenwich Mean Time)
[debug] [2021-12-07T14:33:01.041Z] ----------------------------------------------------------------------
[debug] 
[debug] [2021-12-07T14:33:01.044Z] >>> [apiv2][query] GET https://firebase-public.firebaseio.com/cli.json [none]
[debug] [2021-12-07T14:33:01.111Z] > command requires scopes: ["email","openid","https://www.googleapis.com/auth/cloudplatformprojects.readonly","https://www.googleapis.com/auth/firebase","https://www.googleapis.com/auth/cloud-platform"]
[debug] [2021-12-07T14:33:01.112Z] > authorizing via signed-in user (acex.iot@gmail.com)
[debug] [2021-12-07T14:33:01.112Z] [iam] checking project acex-iot-e4bf4 for permissions ["firebase.projects.get"]
[debug] [2021-12-07T14:33:01.113Z] > refreshing access token with scopes: ["email","https://www.googleapis.com/auth/cloud-platform","https://www.googleapis.com/auth/cloudplatformprojects.readonly","https://www.googleapis.com/auth/firebase","openid"]
[debug] [2021-12-07T14:33:01.113Z] >>> HTTP REQUEST POST https://www.googleapis.com/oauth2/v3/token  
 <request body omitted>
[debug] [2021-12-07T14:33:01.180Z] <<< HTTP RESPONSE 200 {"pragma":"no-cache","date":"Tue, 07 Dec 2021 14:33:01 GMT","expires":"Mon, 01 Jan 1990 00:00:00 GMT","cache-control":"no-cache, no-store, max-age=0, must-revalidate","content-type":"application/json; charset=utf-8","vary":"X-Origin, Referer, Origin,Accept-Encoding","server":"scaffolding on HTTPServer2","x-xss-protection":"0","x-frame-options":"SAMEORIGIN","x-content-type-options":"nosniff","alt-svc":"h3=\":443\"; ma=2592000,h3-29=\":443\"; ma=2592000,h3-Q050=\":443\"; ma=2592000,h3-Q046=\":443\"; ma=2592000,h3-Q043=\":443\"; ma=2592000,quic=\":443\"; ma=2592000; v=\"46,43\"","accept-ranges":"none","transfer-encoding":"chunked"}
[debug] [2021-12-07T14:33:01.197Z] >>> HTTP REQUEST POST https://cloudresourcemanager.googleapis.com/v1/projects/acex-iot-e4bf4:testIamPermissions  
 {"permissions":["firebase.projects.get"]}
[debug] [2021-12-07T14:33:01.802Z] <<< HTTP RESPONSE 200 {"content-type":"application/json; charset=UTF-8","vary":"X-Origin, Referer, Origin,Accept-Encoding","date":"Tue, 07 Dec 2021 14:33:02 GMT","server":"ESF","cache-control":"private","x-xss-protection":"0","x-frame-options":"SAMEORIGIN","x-content-type-options":"nosniff","server-timing":"gfet4t7; dur=551","alt-svc":"h3=\":443\"; ma=2592000,h3-29=\":443\"; ma=2592000,h3-Q050=\":443\"; ma=2592000,h3-Q046=\":443\"; ma=2592000,h3-Q043=\":443\"; ma=2592000,quic=\":443\"; ma=2592000; v=\"46,43\"","accept-ranges":"none","transfer-encoding":"chunked"}
[debug] [2021-12-07T14:33:01.804Z] > refreshing access token with scopes: []
[debug] [2021-12-07T14:33:01.804Z] >>> HTTP REQUEST POST https://www.googleapis.com/oauth2/v3/token  
 <request body omitted>
[debug] [2021-12-07T14:33:01.848Z] <<< HTTP RESPONSE 200 {"cache-control":"no-cache, no-store, max-age=0, must-revalidate","date":"Tue, 07 Dec 2021 14:33:02 GMT","expires":"Mon, 01 Jan 1990 00:00:00 GMT","pragma":"no-cache","content-type":"application/json; charset=utf-8","vary":"X-Origin, Referer, Origin,Accept-Encoding","server":"scaffolding on HTTPServer2","x-xss-protection":"0","x-frame-options":"SAMEORIGIN","x-content-type-options":"nosniff","alt-svc":"h3=\":443\"; ma=2592000,h3-29=\":443\"; ma=2592000,h3-Q050=\":443\"; ma=2592000,h3-Q046=\":443\"; ma=2592000,h3-Q043=\":443\"; ma=2592000,quic=\":443\"; ma=2592000; v=\"46,43\"","accept-ranges":"none","transfer-encoding":"chunked"}
[debug] [2021-12-07T14:33:01.864Z] >>> [apiv2][query] GET https://firebase.googleapis.com/v1beta1/projects/acex-iot-e4bf4 [none]
[debug] [2021-12-07T14:33:02.168Z] <<< [apiv2][status] GET https://firebase.googleapis.com/v1beta1/projects/acex-iot-e4bf4 200
[debug] [2021-12-07T14:33:02.168Z] <<< [apiv2][body] GET https://firebase.googleapis.com/v1beta1/projects/acex-iot-e4bf4 {"projectId":"acex-iot-e4bf4","projectNumber":"60665232978","displayName":"AceX IoT","name":"projects/acex-iot-e4bf4","resources":{"hostingSite":"acex-iot-e4bf4"},"state":"ACTIVE"}
[info] 
[info] === Serving from 'C:\Users\pcoll\github\acex-laser-cutters\web'...
[info] 
[debug] [2021-12-07T14:33:02.173Z] >>> [apiv2][query] GET https://firebasehosting.googleapis.com/v1beta1/projects/acex-iot-e4bf4/sites 
[info] +  functions: Using node@14 from host. {"metadata":{"emulator":{"name":"functions"},"message":"Using node@14 from host."}}
[debug] [2021-12-07T14:33:02.182Z] defaultcredentials: writing to file C:\Users\pcoll\AppData\Roaming\firebase\acex_iot_gmail.com_application_default_credentials.json
[debug] [2021-12-07T14:33:02.184Z] Setting GAC to C:\Users\pcoll\AppData\Roaming\firebase\acex_iot_gmail.com_application_default_credentials.json {"metadata":{"emulator":{"name":"functions"},"message":"Setting GAC to C:\\Users\\pcoll\\AppData\\Roaming\\firebase\\acex_iot_gmail.com_application_default_credentials.json"}}
[debug] [2021-12-07T14:33:02.185Z] >>> [apiv2][query] GET https://firebase.googleapis.com/v1beta1/projects/acex-iot-e4bf4/adminSdkConfig [none]
[debug] [2021-12-07T14:33:02.367Z] <<< [apiv2][status] GET https://firebase-public.firebaseio.com/cli.json 200
[debug] [2021-12-07T14:33:02.367Z] <<< [apiv2][body] GET https://firebase-public.firebaseio.com/cli.json {"cloudBuildErrorAfter":1594252800000,"cloudBuildWarnAfter":1590019200000,"defaultNode10After":1594252800000,"minVersion":"3.0.5","node8DeploysDisabledAfter":1613390400000,"node8RuntimeDisabledAfter":1615809600000,"node8WarnAfter":1600128000000}
[debug] [2021-12-07T14:33:02.385Z] <<< [apiv2][status] GET https://firebase.googleapis.com/v1beta1/projects/acex-iot-e4bf4/adminSdkConfig 200
[debug] [2021-12-07T14:33:02.385Z] <<< [apiv2][body] GET https://firebase.googleapis.com/v1beta1/projects/acex-iot-e4bf4/adminSdkConfig {"projectId":"acex-iot-e4bf4","storageBucket":"acex-iot-e4bf4.appspot.com"}
[debug] [2021-12-07T14:33:03.138Z] <<< [apiv2][status] GET https://firebasehosting.googleapis.com/v1beta1/projects/acex-iot-e4bf4/sites 200
[debug] [2021-12-07T14:33:03.138Z] <<< [apiv2][body] GET https://firebasehosting.googleapis.com/v1beta1/projects/acex-iot-e4bf4/sites {"sites":[{"name":"projects/60665232978/sites/acex-iot","defaultUrl":"https://acex-iot.web.app","type":"USER_SITE"},{"name":"projects/60665232978/sites/acex-iot-e4bf4","defaultUrl":"https://acex-iot-e4bf4.web.app","type":"DEFAULT_SITE"}]}
[debug] [2021-12-07T14:33:03.138Z] >>> [apiv2][query] GET https://firebase.googleapis.com/v1beta1/projects/acex-iot-e4bf4/webApps/-/config [none]
[debug] [2021-12-07T14:33:03.600Z] <<< [apiv2][status] GET https://firebase.googleapis.com/v1beta1/projects/acex-iot-e4bf4/webApps/-/config 200
[debug] [2021-12-07T14:33:03.600Z] <<< [apiv2][body] GET https://firebase.googleapis.com/v1beta1/projects/acex-iot-e4bf4/webApps/-/config {"projectId":"acex-iot-e4bf4","storageBucket":"acex-iot-e4bf4.appspot.com","apiKey":"AIzaSyBuSUzbg546Hg2239o9fYYWv-alB5UIfyY","authDomain":"acex-iot-e4bf4.firebaseapp.com","messagingSenderId":"60665232978"}
[info] i  functions: Watching "C:\Users\pcoll\github\acex-laser-cutters\web\functions" for Cloud Functions... {"metadata":{"emulator":{"name":"functions"},"message":"Watching \"C:\\Users\\pcoll\\github\\acex-laser-cutters\\web\\functions\" for Cloud Functions..."}}
[debug] [2021-12-07T14:33:03.648Z] [worker-pool] addWorker(~diagnostic~) {"metadata":{"emulator":{"name":"functions"},"message":"[worker-pool] addWorker(~diagnostic~)"}}
[debug] [2021-12-07T14:33:03.649Z] [worker-pool] Adding worker with key ~diagnostic~, total=1 {"metadata":{"emulator":{"name":"functions"},"message":"[worker-pool] Adding worker with key ~diagnostic~, total=1"}}
[debug] [2021-12-07T14:33:03.649Z] [worker-pool] submitWork(triggerId=) {"metadata":{"emulator":{"name":"functions"},"message":"[worker-pool] submitWork(triggerId=)"}}
[debug] [2021-12-07T14:33:03.650Z] [worker-~diagnostic~-de12378e-94b1-4393-b12a-ee6c4a01e13e]: Assigning socketPath: \\?\pipe\C:\Users\pcoll\github\acex-laser-cutters\web\functions\29144 {"metadata":{"emulator":{"name":"functions"},"message":"[worker-~diagnostic~-de12378e-94b1-4393-b12a-ee6c4a01e13e]: Assigning socketPath: \\\\?\\pipe\\C:\\Users\\pcoll\\github\\acex-laser-cutters\\web\\functions\\29144"}}
[debug] [2021-12-07T14:33:03.650Z] [worker-~diagnostic~-de12378e-94b1-4393-b12a-ee6c4a01e13e]: BUSY {"metadata":{"emulator":{"name":"functions"},"message":"[worker-~diagnostic~-de12378e-94b1-4393-b12a-ee6c4a01e13e]: BUSY"}}
[info] i  hosting[prod]: Serving hosting files from: client/build {"metadata":{"emulator":{"name":"hosting"},"message":"Serving hosting files from: \u001b[1mclient/build\u001b[22m"}}
[info] +  hosting[prod]: Local server: http://localhost:5000 {"metadata":{"emulator":{"name":"hosting"},"message":"Local server: \u001b[4m\u001b[1mhttp://localhost:5000\u001b[22m\u001b[24m"}}
[info] i  hosting[dev]: Serving hosting files from: client/build {"metadata":{"emulator":{"name":"hosting"},"message":"Serving hosting files from: \u001b[1mclient/build\u001b[22m"}}
[info] +  hosting[dev]: Local server: http://localhost:5005 {"metadata":{"emulator":{"name":"hosting"},"message":"Local server: \u001b[4m\u001b[1mhttp://localhost:5005\u001b[22m\u001b[24m"}}
[debug] [2021-12-07T14:33:03.880Z] [runtime-status] [29144] Functions runtime initialized. {"cwd":"C:\\Users\\pcoll\\github\\acex-laser-cutters\\web\\functions","node_version":"14.16.0"} {"metadata":{"emulator":{"name":"functions"},"message":"[runtime-status] [29144] Functions runtime initialized. {\"cwd\":\"C:\\\\Users\\\\pcoll\\\\github\\\\acex-laser-cutters\\\\web\\\\functions\",\"node_version\":\"14.16.0\"}"}}
[debug] [2021-12-07T14:33:03.881Z] [runtime-status] [29144] Disabled runtime features: undefined {"metadata":{"emulator":{"name":"functions"},"message":"[runtime-status] [29144] Disabled runtime features: undefined"}}
[debug] [2021-12-07T14:33:03.886Z] [runtime-status] [29144] Resolved module firebase-admin {"declared":true,"installed":true,"version":"9.12.0","resolution":"C:\\Users\\pcoll\\github\\acex-laser-cutters\\web\\functions\\node_modules\\firebase-admin\\lib\\index.js"} {"metadata":{"emulator":{"name":"functions"},"message":"[runtime-status] [29144] Resolved module firebase-admin {\"declared\":true,\"installed\":true,\"version\":\"9.12.0\",\"resolution\":\"C:\\\\Users\\\\pcoll\\\\github\\\\acex-laser-cutters\\\\web\\\\functions\\\\node_modules\\\\firebase-admin\\\\lib\\\\index.js\"}"}}
[debug] [2021-12-07T14:33:03.889Z] [runtime-status] [29144] Resolved module firebase-functions {"declared":true,"installed":true,"version":"3.16.0","resolution":"C:\\Users\\pcoll\\github\\acex-laser-cutters\\web\\functions\\node_modules\\firebase-functions\\lib\\index.js"} {"metadata":{"emulator":{"name":"functions"},"message":"[runtime-status] [29144] Resolved module firebase-functions {\"declared\":true,\"installed\":true,\"version\":\"3.16.0\",\"resolution\":\"C:\\\\Users\\\\pcoll\\\\github\\\\acex-laser-cutters\\\\web\\\\functions\\\\node_modules\\\\firebase-functions\\\\lib\\\\index.js\"}"}}
[debug] [2021-12-07T14:33:03.891Z] [runtime-status] [29144] Resolved module firebase-functions {"declared":true,"installed":true,"version":"3.16.0","resolution":"C:\\Users\\pcoll\\github\\acex-laser-cutters\\web\\functions\\node_modules\\firebase-functions\\lib\\index.js"} {"metadata":{"emulator":{"name":"functions"},"message":"[runtime-status] [29144] Resolved module firebase-functions {\"declared\":true,\"installed\":true,\"version\":\"3.16.0\",\"resolution\":\"C:\\\\Users\\\\pcoll\\\\github\\\\acex-laser-cutters\\\\web\\\\functions\\\\node_modules\\\\firebase-functions\\\\lib\\\\index.js\"}"}}
[debug] [2021-12-07T14:33:03.892Z] [runtime-status] [29144] Outgoing network have been stubbed. [{"name":"http","status":"mocked"},{"name":"http","status":"mocked"},{"name":"https","status":"mocked"},{"name":"https","status":"mocked"},{"name":"net","status":"mocked"}] {"metadata":{"emulator":{"name":"functions"},"message":"[runtime-status] [29144] Outgoing network have been stubbed. [{\"name\":\"http\",\"status\":\"mocked\"},{\"name\":\"http\",\"status\":\"mocked\"},{\"name\":\"https\",\"status\":\"mocked\"},{\"name\":\"https\",\"status\":\"mocked\"},{\"name\":\"net\",\"status\":\"mocked\"}]"}}
[debug] [2021-12-07T14:33:03.893Z] [runtime-status] [29144] Resolved module firebase-functions {"declared":true,"installed":true,"version":"3.16.0","resolution":"C:\\Users\\pcoll\\github\\acex-laser-cutters\\web\\functions\\node_modules\\firebase-functions\\lib\\index.js"} {"metadata":{"emulator":{"name":"functions"},"message":"[runtime-status] [29144] Resolved module firebase-functions {\"declared\":true,\"installed\":true,\"version\":\"3.16.0\",\"resolution\":\"C:\\\\Users\\\\pcoll\\\\github\\\\acex-laser-cutters\\\\web\\\\functions\\\\node_modules\\\\firebase-functions\\\\lib\\\\index.js\"}"}}
[debug] [2021-12-07T14:33:03.955Z] [runtime-status] [29144] Checked functions.config() {"config":{}} {"metadata":{"emulator":{"name":"functions"},"message":"[runtime-status] [29144] Checked functions.config() {\"config\":{}}"}}
[debug] [2021-12-07T14:33:03.955Z] [runtime-status] [29144] firebase-functions has been stubbed. {"functionsResolution":{"declared":true,"installed":true,"version":"3.16.0","resolution":"C:\\Users\\pcoll\\github\\acex-laser-cutters\\web\\functions\\node_modules\\firebase-functions\\lib\\index.js"}} {"metadata":{"emulator":{"name":"functions"},"message":"[runtime-status] [29144] firebase-functions has been stubbed. {\"functionsResolution\":{\"declared\":true,\"installed\":true,\"version\":\"3.16.0\",\"resolution\":\"C:\\\\Users\\\\pcoll\\\\github\\\\acex-laser-cutters\\\\web\\\\functions\\\\node_modules\\\\firebase-functions\\\\lib\\\\index.js\"}}"}}
[debug] [2021-12-07T14:33:03.956Z] [runtime-status] [29144] Resolved module firebase-functions {"declared":true,"installed":true,"version":"3.16.0","resolution":"C:\\Users\\pcoll\\github\\acex-laser-cutters\\web\\functions\\node_modules\\firebase-functions\\lib\\index.js"} {"metadata":{"emulator":{"name":"functions"},"message":"[runtime-status] [29144] Resolved module firebase-functions {\"declared\":true,\"installed\":true,\"version\":\"3.16.0\",\"resolution\":\"C:\\\\Users\\\\pcoll\\\\github\\\\acex-laser-cutters\\\\web\\\\functions\\\\node_modules\\\\firebase-functions\\\\lib\\\\index.js\"}"}}
[debug] [2021-12-07T14:33:03.957Z] [runtime-status] [29144] Resolved module firebase-admin {"declared":true,"installed":true,"version":"9.12.0","resolution":"C:\\Users\\pcoll\\github\\acex-laser-cutters\\web\\functions\\node_modules\\firebase-admin\\lib\\index.js"} {"metadata":{"emulator":{"name":"functions"},"message":"[runtime-status] [29144] Resolved module firebase-admin {\"declared\":true,\"installed\":true,\"version\":\"9.12.0\",\"resolution\":\"C:\\\\Users\\\\pcoll\\\\github\\\\acex-laser-cutters\\\\web\\\\functions\\\\node_modules\\\\firebase-admin\\\\lib\\\\index.js\"}"}}
[debug] [2021-12-07T14:33:03.957Z] [runtime-status] [29144] Resolved module firebase-functions {"declared":true,"installed":true,"version":"3.16.0","resolution":"C:\\Users\\pcoll\\github\\acex-laser-cutters\\web\\functions\\node_modules\\firebase-functions\\lib\\index.js"} {"metadata":{"emulator":{"name":"functions"},"message":"[runtime-status] [29144] Resolved module firebase-functions {\"declared\":true,\"installed\":true,\"version\":\"3.16.0\",\"resolution\":\"C:\\\\Users\\\\pcoll\\\\github\\\\acex-laser-cutters\\\\web\\\\functions\\\\node_modules\\\\firebase-functions\\\\lib\\\\index.js\"}"}}
[debug] [2021-12-07T14:33:03.957Z] [runtime-status] [29144] firebase-admin has been stubbed. {"adminResolution":{"declared":true,"installed":true,"version":"9.12.0","resolution":"C:\\Users\\pcoll\\github\\acex-laser-cutters\\web\\functions\\node_modules\\firebase-admin\\lib\\index.js"}} {"metadata":{"emulator":{"name":"functions"},"message":"[runtime-status] [29144] firebase-admin has been stubbed. {\"adminResolution\":{\"declared\":true,\"installed\":true,\"version\":\"9.12.0\",\"resolution\":\"C:\\\\Users\\\\pcoll\\\\github\\\\acex-laser-cutters\\\\web\\\\functions\\\\node_modules\\\\firebase-admin\\\\lib\\\\index.js\"}}"}}
[info] +  functions[us-central1-api]: http function initialized (http://localhost:5001/acex-iot-e4bf4/us-central1/api). {"metadata":{"emulator":{"name":"functions"},"message":"\u001b[1mhttp\u001b[22m function initialized (http://localhost:5001/acex-iot-e4bf4/us-central1/api)."}}
[debug] [2021-12-07T14:33:04.448Z] [worker-~diagnostic~-de12378e-94b1-4393-b12a-ee6c4a01e13e]: IDLE {"metadata":{"emulator":{"name":"functions"},"message":"[worker-~diagnostic~-de12378e-94b1-4393-b12a-ee6c4a01e13e]: IDLE"}}
[debug] [2021-12-12T00:09:42.139Z] ----------------------------------------------------------------------
[debug] [2021-12-12T00:09:42.142Z] Command:       C:\Program Files\nodejs\node.exe C:\Users\pcoll\AppData\Roaming\npm\node_modules\firebase-tools\lib\bin\firebase.js serve
[debug] [2021-12-12T00:09:42.142Z] CLI Version:   9.16.0
[debug] [2021-12-12T00:09:42.142Z] Platform:      win32
[debug] [2021-12-12T00:09:42.142Z] Node Version:  v14.16.0
[debug] [2021-12-12T00:09:42.149Z] Time:          Sun Dec 12 2021 00:09:42 GMT+0000 (Greenwich Mean Time)
[debug] [2021-12-12T00:09:42.149Z] ----------------------------------------------------------------------
[debug] 
[debug] [2021-12-12T00:09:42.152Z] >>> [apiv2][query] GET https://firebase-public.firebaseio.com/cli.json [none]
[debug] [2021-12-12T00:09:42.217Z] > command requires scopes: ["email","openid","https://www.googleapis.com/auth/cloudplatformprojects.readonly","https://www.googleapis.com/auth/firebase","https://www.googleapis.com/auth/cloud-platform"]
[debug] [2021-12-12T00:09:42.217Z] > authorizing via signed-in user (acex.iot@gmail.com)
[debug] [2021-12-12T00:09:42.217Z] [iam] checking project acex-iot-e4bf4 for permissions ["firebase.projects.get"]
[debug] [2021-12-12T00:09:42.218Z] > refreshing access token with scopes: ["email","https://www.googleapis.com/auth/cloud-platform","https://www.googleapis.com/auth/cloudplatformprojects.readonly","https://www.googleapis.com/auth/firebase","openid"]
[debug] [2021-12-12T00:09:42.218Z] >>> HTTP REQUEST POST https://www.googleapis.com/oauth2/v3/token  
 <request body omitted>
[debug] [2021-12-12T00:09:42.388Z] <<< HTTP RESPONSE 200 {"pragma":"no-cache","date":"Sun, 12 Dec 2021 00:09:42 GMT","cache-control":"no-cache, no-store, max-age=0, must-revalidate","expires":"Mon, 01 Jan 1990 00:00:00 GMT","content-type":"application/json; charset=utf-8","vary":"X-Origin, Referer, Origin,Accept-Encoding","server":"scaffolding on HTTPServer2","x-xss-protection":"0","x-frame-options":"SAMEORIGIN","x-content-type-options":"nosniff","alt-svc":"h3=\":443\"; ma=2592000,h3-29=\":443\"; ma=2592000,h3-Q050=\":443\"; ma=2592000,h3-Q046=\":443\"; ma=2592000,h3-Q043=\":443\"; ma=2592000,quic=\":443\"; ma=2592000; v=\"46,43\"","accept-ranges":"none","transfer-encoding":"chunked"}
[debug] [2021-12-12T00:09:42.413Z] >>> HTTP REQUEST POST https://cloudresourcemanager.googleapis.com/v1/projects/acex-iot-e4bf4:testIamPermissions  
 {"permissions":["firebase.projects.get"]}
[debug] [2021-12-12T00:09:42.645Z] <<< [apiv2][status] GET https://firebase-public.firebaseio.com/cli.json 200
[debug] [2021-12-12T00:09:42.645Z] <<< [apiv2][body] GET https://firebase-public.firebaseio.com/cli.json {"cloudBuildErrorAfter":1594252800000,"cloudBuildWarnAfter":1590019200000,"defaultNode10After":1594252800000,"minVersion":"3.0.5","node8DeploysDisabledAfter":1613390400000,"node8RuntimeDisabledAfter":1615809600000,"node8WarnAfter":1600128000000}
[debug] [2021-12-12T00:09:43.124Z] <<< HTTP RESPONSE 200 {"content-type":"application/json; charset=UTF-8","vary":"X-Origin, Referer, Origin,Accept-Encoding","date":"Sun, 12 Dec 2021 00:09:43 GMT","server":"ESF","cache-control":"private","x-xss-protection":"0","x-frame-options":"SAMEORIGIN","x-content-type-options":"nosniff","server-timing":"gfet4t7; dur=551","alt-svc":"h3=\":443\"; ma=2592000,h3-29=\":443\"; ma=2592000,h3-Q050=\":443\"; ma=2592000,h3-Q046=\":443\"; ma=2592000,h3-Q043=\":443\"; ma=2592000,quic=\":443\"; ma=2592000; v=\"46,43\"","accept-ranges":"none","transfer-encoding":"chunked"}
[debug] [2021-12-12T00:09:43.126Z] > refreshing access token with scopes: []
[debug] [2021-12-12T00:09:43.126Z] >>> HTTP REQUEST POST https://www.googleapis.com/oauth2/v3/token  
 <request body omitted>
[debug] [2021-12-12T00:09:43.266Z] <<< HTTP RESPONSE 200 {"date":"Sun, 12 Dec 2021 00:09:43 GMT","expires":"Mon, 01 Jan 1990 00:00:00 GMT","pragma":"no-cache","cache-control":"no-cache, no-store, max-age=0, must-revalidate","content-type":"application/json; charset=utf-8","vary":"X-Origin, Referer, Origin,Accept-Encoding","server":"scaffolding on HTTPServer2","x-xss-protection":"0","x-frame-options":"SAMEORIGIN","x-content-type-options":"nosniff","alt-svc":"h3=\":443\"; ma=2592000,h3-29=\":443\"; ma=2592000,h3-Q050=\":443\"; ma=2592000,h3-Q046=\":443\"; ma=2592000,h3-Q043=\":443\"; ma=2592000,quic=\":443\"; ma=2592000; v=\"46,43\"","accept-ranges":"none","transfer-encoding":"chunked"}
[debug] [2021-12-12T00:09:43.285Z] >>> [apiv2][query] GET https://firebase.googleapis.com/v1beta1/projects/acex-iot-e4bf4 [none]
[debug] [2021-12-12T00:09:43.628Z] <<< [apiv2][status] GET https://firebase.googleapis.com/v1beta1/projects/acex-iot-e4bf4 200
[debug] [2021-12-12T00:09:43.629Z] <<< [apiv2][body] GET https://firebase.googleapis.com/v1beta1/projects/acex-iot-e4bf4 {"projectId":"acex-iot-e4bf4","projectNumber":"60665232978","displayName":"AceX IoT","name":"projects/acex-iot-e4bf4","resources":{"hostingSite":"acex-iot-e4bf4"},"state":"ACTIVE"}
[info] 
[info] === Serving from 'C:\Users\pcoll\github\acex-laser-cutters\web'...
[info] 
[debug] [2021-12-12T00:09:43.635Z] >>> [apiv2][query] GET https://firebasehosting.googleapis.com/v1beta1/projects/acex-iot-e4bf4/sites 
[info] +  functions: Using node@14 from host. {"metadata":{"emulator":{"name":"functions"},"message":"Using node@14 from host."}}
[debug] [2021-12-12T00:09:43.644Z] defaultcredentials: writing to file C:\Users\pcoll\AppData\Roaming\firebase\acex_iot_gmail.com_application_default_credentials.json
[debug] [2021-12-12T00:09:43.646Z] Setting GAC to C:\Users\pcoll\AppData\Roaming\firebase\acex_iot_gmail.com_application_default_credentials.json {"metadata":{"emulator":{"name":"functions"},"message":"Setting GAC to C:\\Users\\pcoll\\AppData\\Roaming\\firebase\\acex_iot_gmail.com_application_default_credentials.json"}}
[debug] [2021-12-12T00:09:43.646Z] >>> [apiv2][query] GET https://firebase.googleapis.com/v1beta1/projects/acex-iot-e4bf4/adminSdkConfig [none]
[debug] [2021-12-12T00:09:43.930Z] <<< [apiv2][status] GET https://firebase.googleapis.com/v1beta1/projects/acex-iot-e4bf4/adminSdkConfig 200
[debug] [2021-12-12T00:09:43.930Z] <<< [apiv2][body] GET https://firebase.googleapis.com/v1beta1/projects/acex-iot-e4bf4/adminSdkConfig {"projectId":"acex-iot-e4bf4","storageBucket":"acex-iot-e4bf4.appspot.com"}
[debug] [2021-12-12T00:09:44.487Z] <<< [apiv2][status] GET https://firebasehosting.googleapis.com/v1beta1/projects/acex-iot-e4bf4/sites 200
[debug] [2021-12-12T00:09:44.487Z] <<< [apiv2][body] GET https://firebasehosting.googleapis.com/v1beta1/projects/acex-iot-e4bf4/sites {"sites":[{"name":"projects/60665232978/sites/acex-iot","defaultUrl":"https://acex-iot.web.app","type":"USER_SITE"},{"name":"projects/60665232978/sites/acex-iot-e4bf4","defaultUrl":"https://acex-iot-e4bf4.web.app","type":"DEFAULT_SITE"}]}
[debug] [2021-12-12T00:09:44.487Z] >>> [apiv2][query] GET https://firebase.googleapis.com/v1beta1/projects/acex-iot-e4bf4/webApps/-/config [none]
[debug] [2021-12-12T00:09:45.032Z] <<< [apiv2][status] GET https://firebase.googleapis.com/v1beta1/projects/acex-iot-e4bf4/webApps/-/config 200
[debug] [2021-12-12T00:09:45.032Z] <<< [apiv2][body] GET https://firebase.googleapis.com/v1beta1/projects/acex-iot-e4bf4/webApps/-/config {"projectId":"acex-iot-e4bf4","storageBucket":"acex-iot-e4bf4.appspot.com","apiKey":"AIzaSyBuSUzbg546Hg2239o9fYYWv-alB5UIfyY","authDomain":"acex-iot-e4bf4.firebaseapp.com","messagingSenderId":"60665232978"}
[info] i  functions: Watching "C:\Users\pcoll\github\acex-laser-cutters\web\functions" for Cloud Functions... {"metadata":{"emulator":{"name":"functions"},"message":"Watching \"C:\\Users\\pcoll\\github\\acex-laser-cutters\\web\\functions\" for Cloud Functions..."}}
[debug] [2021-12-12T00:09:45.070Z] [worker-pool] addWorker(~diagnostic~) {"metadata":{"emulator":{"name":"functions"},"message":"[worker-pool] addWorker(~diagnostic~)"}}
[debug] [2021-12-12T00:09:45.071Z] [worker-pool] Adding worker with key ~diagnostic~, total=1 {"metadata":{"emulator":{"name":"functions"},"message":"[worker-pool] Adding worker with key ~diagnostic~, total=1"}}
[debug] [2021-12-12T00:09:45.071Z] [worker-pool] submitWork(triggerId=) {"metadata":{"emulator":{"name":"functions"},"message":"[worker-pool] submitWork(triggerId=)"}}
[debug] [2021-12-12T00:09:45.072Z] [worker-~diagnostic~-3b081a68-b112-424a-a3a0-bd3090685051]: Assigning socketPath: \\?\pipe\C:\Users\pcoll\github\acex-laser-cutters\web\functions\21192 {"metadata":{"emulator":{"name":"functions"},"message":"[worker-~diagnostic~-3b081a68-b112-424a-a3a0-bd3090685051]: Assigning socketPath: \\\\?\\pipe\\C:\\Users\\pcoll\\github\\acex-laser-cutters\\web\\functions\\21192"}}
[debug] [2021-12-12T00:09:45.072Z] [worker-~diagnostic~-3b081a68-b112-424a-a3a0-bd3090685051]: BUSY {"metadata":{"emulator":{"name":"functions"},"message":"[worker-~diagnostic~-3b081a68-b112-424a-a3a0-bd3090685051]: BUSY"}}
[info] i  hosting[prod]: Serving hosting files from: client/build {"metadata":{"emulator":{"name":"hosting"},"message":"Serving hosting files from: \u001b[1mclient/build\u001b[22m"}}
[info] +  hosting[prod]: Local server: http://localhost:5000 {"metadata":{"emulator":{"name":"hosting"},"message":"Local server: \u001b[4m\u001b[1mhttp://localhost:5000\u001b[22m\u001b[24m"}}
[info] i  hosting[dev]: Serving hosting files from: client/build {"metadata":{"emulator":{"name":"hosting"},"message":"Serving hosting files from: \u001b[1mclient/build\u001b[22m"}}
[info] +  hosting[dev]: Local server: http://localhost:5005 {"metadata":{"emulator":{"name":"hosting"},"message":"Local server: \u001b[4m\u001b[1mhttp://localhost:5005\u001b[22m\u001b[24m"}}
[debug] [2021-12-12T00:09:45.309Z] [runtime-status] [21192] Functions runtime initialized. {"cwd":"C:\\Users\\pcoll\\github\\acex-laser-cutters\\web\\functions","node_version":"14.16.0"} {"metadata":{"emulator":{"name":"functions"},"message":"[runtime-status] [21192] Functions runtime initialized. {\"cwd\":\"C:\\\\Users\\\\pcoll\\\\github\\\\acex-laser-cutters\\\\web\\\\functions\",\"node_version\":\"14.16.0\"}"}}
[debug] [2021-12-12T00:09:45.311Z] [runtime-status] [21192] Disabled runtime features: undefined {"metadata":{"emulator":{"name":"functions"},"message":"[runtime-status] [21192] Disabled runtime features: undefined"}}
[debug] [2021-12-12T00:09:45.315Z] [runtime-status] [21192] Resolved module firebase-admin {"declared":true,"installed":true,"version":"9.12.0","resolution":"C:\\Users\\pcoll\\github\\acex-laser-cutters\\web\\functions\\node_modules\\firebase-admin\\lib\\index.js"} {"metadata":{"emulator":{"name":"functions"},"message":"[runtime-status] [21192] Resolved module firebase-admin {\"declared\":true,\"installed\":true,\"version\":\"9.12.0\",\"resolution\":\"C:\\\\Users\\\\pcoll\\\\github\\\\acex-laser-cutters\\\\web\\\\functions\\\\node_modules\\\\firebase-admin\\\\lib\\\\index.js\"}"}}
[debug] [2021-12-12T00:09:45.322Z] [runtime-status] [21192] Resolved module firebase-functions {"declared":true,"installed":true,"version":"3.16.0","resolution":"C:\\Users\\pcoll\\github\\acex-laser-cutters\\web\\functions\\node_modules\\firebase-functions\\lib\\index.js"} {"metadata":{"emulator":{"name":"functions"},"message":"[runtime-status] [21192] Resolved module firebase-functions {\"declared\":true,\"installed\":true,\"version\":\"3.16.0\",\"resolution\":\"C:\\\\Users\\\\pcoll\\\\github\\\\acex-laser-cutters\\\\web\\\\functions\\\\node_modules\\\\firebase-functions\\\\lib\\\\index.js\"}"}}
[debug] [2021-12-12T00:09:45.327Z] [runtime-status] [21192] Resolved module firebase-functions {"declared":true,"installed":true,"version":"3.16.0","resolution":"C:\\Users\\pcoll\\github\\acex-laser-cutters\\web\\functions\\node_modules\\firebase-functions\\lib\\index.js"} {"metadata":{"emulator":{"name":"functions"},"message":"[runtime-status] [21192] Resolved module firebase-functions {\"declared\":true,\"installed\":true,\"version\":\"3.16.0\",\"resolution\":\"C:\\\\Users\\\\pcoll\\\\github\\\\acex-laser-cutters\\\\web\\\\functions\\\\node_modules\\\\firebase-functions\\\\lib\\\\index.js\"}"}}
[debug] [2021-12-12T00:09:45.330Z] [runtime-status] [21192] Outgoing network have been stubbed. [{"name":"http","status":"mocked"},{"name":"http","status":"mocked"},{"name":"https","status":"mocked"},{"name":"https","status":"mocked"},{"name":"net","status":"mocked"}] {"metadata":{"emulator":{"name":"functions"},"message":"[runtime-status] [21192] Outgoing network have been stubbed. [{\"name\":\"http\",\"status\":\"mocked\"},{\"name\":\"http\",\"status\":\"mocked\"},{\"name\":\"https\",\"status\":\"mocked\"},{\"name\":\"https\",\"status\":\"mocked\"},{\"name\":\"net\",\"status\":\"mocked\"}]"}}
[debug] [2021-12-12T00:09:45.340Z] [runtime-status] [21192] Resolved module firebase-functions {"declared":true,"installed":true,"version":"3.16.0","resolution":"C:\\Users\\pcoll\\github\\acex-laser-cutters\\web\\functions\\node_modules\\firebase-functions\\lib\\index.js"} {"metadata":{"emulator":{"name":"functions"},"message":"[runtime-status] [21192] Resolved module firebase-functions {\"declared\":true,\"installed\":true,\"version\":\"3.16.0\",\"resolution\":\"C:\\\\Users\\\\pcoll\\\\github\\\\acex-laser-cutters\\\\web\\\\functions\\\\node_modules\\\\firebase-functions\\\\lib\\\\index.js\"}"}}
[debug] [2021-12-12T00:09:45.412Z] [runtime-status] [21192] Checked functions.config() {"config":{}} {"metadata":{"emulator":{"name":"functions"},"message":"[runtime-status] [21192] Checked functions.config() {\"config\":{}}"}}
[debug] [2021-12-12T00:09:45.413Z] [runtime-status] [21192] firebase-functions has been stubbed. {"functionsResolution":{"declared":true,"installed":true,"version":"3.16.0","resolution":"C:\\Users\\pcoll\\github\\acex-laser-cutters\\web\\functions\\node_modules\\firebase-functions\\lib\\index.js"}} {"metadata":{"emulator":{"name":"functions"},"message":"[runtime-status] [21192] firebase-functions has been stubbed. {\"functionsResolution\":{\"declared\":true,\"installed\":true,\"version\":\"3.16.0\",\"resolution\":\"C:\\\\Users\\\\pcoll\\\\github\\\\acex-laser-cutters\\\\web\\\\functions\\\\node_modules\\\\firebase-functions\\\\lib\\\\index.js\"}}"}}
[debug] [2021-12-12T00:09:45.413Z] [runtime-status] [21192] Resolved module firebase-functions {"declared":true,"installed":true,"version":"3.16.0","resolution":"C:\\Users\\pcoll\\github\\acex-laser-cutters\\web\\functions\\node_modules\\firebase-functions\\lib\\index.js"} {"metadata":{"emulator":{"name":"functions"},"message":"[runtime-status] [21192] Resolved module firebase-functions {\"declared\":true,\"installed\":true,\"version\":\"3.16.0\",\"resolution\":\"C:\\\\Users\\\\pcoll\\\\github\\\\acex-laser-cutters\\\\web\\\\functions\\\\node_modules\\\\firebase-functions\\\\lib\\\\index.js\"}"}}
[debug] [2021-12-12T00:09:45.414Z] [runtime-status] [21192] Resolved module firebase-admin {"declared":true,"installed":true,"version":"9.12.0","resolution":"C:\\Users\\pcoll\\github\\acex-laser-cutters\\web\\functions\\node_modules\\firebase-admin\\lib\\index.js"} {"metadata":{"emulator":{"name":"functions"},"message":"[runtime-status] [21192] Resolved module firebase-admin {\"declared\":true,\"installed\":true,\"version\":\"9.12.0\",\"resolution\":\"C:\\\\Users\\\\pcoll\\\\github\\\\acex-laser-cutters\\\\web\\\\functions\\\\node_modules\\\\firebase-admin\\\\lib\\\\index.js\"}"}}
[debug] [2021-12-12T00:09:45.415Z] [runtime-status] [21192] Resolved module firebase-functions {"declared":true,"installed":true,"version":"3.16.0","resolution":"C:\\Users\\pcoll\\github\\acex-laser-cutters\\web\\functions\\node_modules\\firebase-functions\\lib\\index.js"} {"metadata":{"emulator":{"name":"functions"},"message":"[runtime-status] [21192] Resolved module firebase-functions {\"declared\":true,\"installed\":true,\"version\":\"3.16.0\",\"resolution\":\"C:\\\\Users\\\\pcoll\\\\github\\\\acex-laser-cutters\\\\web\\\\functions\\\\node_modules\\\\firebase-functions\\\\lib\\\\index.js\"}"}}
[debug] [2021-12-12T00:09:45.415Z] [runtime-status] [21192] firebase-admin has been stubbed. {"adminResolution":{"declared":true,"installed":true,"version":"9.12.0","resolution":"C:\\Users\\pcoll\\github\\acex-laser-cutters\\web\\functions\\node_modules\\firebase-admin\\lib\\index.js"}} {"metadata":{"emulator":{"name":"functions"},"message":"[runtime-status] [21192] firebase-admin has been stubbed. {\"adminResolution\":{\"declared\":true,\"installed\":true,\"version\":\"9.12.0\",\"resolution\":\"C:\\\\Users\\\\pcoll\\\\github\\\\acex-laser-cutters\\\\web\\\\functions\\\\node_modules\\\\firebase-admin\\\\lib\\\\index.js\"}}"}}
[info] +  functions[us-central1-api]: http function initialized (http://localhost:5001/acex-iot-e4bf4/us-central1/api). {"metadata":{"emulator":{"name":"functions"},"message":"\u001b[1mhttp\u001b[22m function initialized (http://localhost:5001/acex-iot-e4bf4/us-central1/api)."}}
[debug] [2021-12-12T00:09:45.894Z] [worker-~diagnostic~-3b081a68-b112-424a-a3a0-bd3090685051]: IDLE {"metadata":{"emulator":{"name":"functions"},"message":"[worker-~diagnostic~-3b081a68-b112-424a-a3a0-bd3090685051]: IDLE"}}
[info] i  hosting: 127.0.0.1 - - [12/Dec/2021:00:09:49 +0000] "GET / HTTP/1.1" 200 3756 "-" "Mozilla/5.0 (Windows NT 10.0; Win64; x64) AppleWebKit/537.36 (KHTML, like Gecko) Chrome/96.0.4664.93 Safari/537.36" {"metadata":{"emulator":{"name":"hosting"},"message":"127.0.0.1 - - [12/Dec/2021:00:09:49 +0000] \"GET / HTTP/1.1\" 200 3756 \"-\" \"Mozilla/5.0 (Windows NT 10.0; Win64; x64) AppleWebKit/537.36 (KHTML, like Gecko) Chrome/96.0.4664.93 Safari/537.36\""}}
[info] i  hosting: 127.0.0.1 - - [12/Dec/2021:00:09:49 +0000] "GET /static/css/main.78f6684a.chunk.css HTTP/1.1" 200 2578 "http://localhost:5000/" "Mozilla/5.0 (Windows NT 10.0; Win64; x64) AppleWebKit/537.36 (KHTML, like Gecko) Chrome/96.0.4664.93 Safari/537.36" {"metadata":{"emulator":{"name":"hosting"},"message":"127.0.0.1 - - [12/Dec/2021:00:09:49 +0000] \"GET /static/css/main.78f6684a.chunk.css HTTP/1.1\" 200 2578 \"http://localhost:5000/\" \"Mozilla/5.0 (Windows NT 10.0; Win64; x64) AppleWebKit/537.36 (KHTML, like Gecko) Chrome/96.0.4664.93 Safari/537.36\""}}
[info] i  hosting: 127.0.0.1 - - [12/Dec/2021:00:09:49 +0000] "GET /static/js/main.0ad00b01.chunk.js HTTP/1.1" 200 17544 "http://localhost:5000/" "Mozilla/5.0 (Windows NT 10.0; Win64; x64) AppleWebKit/537.36 (KHTML, like Gecko) Chrome/96.0.4664.93 Safari/537.36" {"metadata":{"emulator":{"name":"hosting"},"message":"127.0.0.1 - - [12/Dec/2021:00:09:49 +0000] \"GET /static/js/main.0ad00b01.chunk.js HTTP/1.1\" 200 17544 \"http://localhost:5000/\" \"Mozilla/5.0 (Windows NT 10.0; Win64; x64) AppleWebKit/537.36 (KHTML, like Gecko) Chrome/96.0.4664.93 Safari/537.36\""}}
[info] i  hosting: 127.0.0.1 - - [12/Dec/2021:00:09:49 +0000] "GET /static/js/2.0baec336.chunk.js HTTP/1.1" 200 645787 "http://localhost:5000/" "Mozilla/5.0 (Windows NT 10.0; Win64; x64) AppleWebKit/537.36 (KHTML, like Gecko) Chrome/96.0.4664.93 Safari/537.36" {"metadata":{"emulator":{"name":"hosting"},"message":"127.0.0.1 - - [12/Dec/2021:00:09:49 +0000] \"GET /static/js/2.0baec336.chunk.js HTTP/1.1\" 200 645787 \"http://localhost:5000/\" \"Mozilla/5.0 (Windows NT 10.0; Win64; x64) AppleWebKit/537.36 (KHTML, like Gecko) Chrome/96.0.4664.93 Safari/537.36\""}}
[info] [hosting] Rewriting /api/getchart1data to http://localhost:5001/acex-iot-e4bf4/us-central1/api for local Function api
[debug] [2021-12-12T00:09:49.797Z] >>> [apiv2][query] GET http://localhost:5001/acex-iot-e4bf4/us-central1/api/api/getchart1data 
[info] [hosting] Rewriting /api/getdevicestatuses to http://localhost:5001/acex-iot-e4bf4/us-central1/api for local Function api
[debug] [2021-12-12T00:09:49.805Z] >>> [apiv2][query] GET http://localhost:5001/acex-iot-e4bf4/us-central1/api/api/getdevicestatuses 
[debug] [2021-12-12T00:09:49.821Z] [work-queue] {"queueLength":1,"workRunningCount":0}
[debug] [2021-12-12T00:09:49.822Z] [work-queue] {"queueLength":0,"workRunningCount":1}
[debug] [2021-12-12T00:09:49.823Z] Accepted request GET /acex-iot-e4bf4/us-central1/api/api/getchart1data --> us-central1-api
[debug] [2021-12-12T00:09:49.831Z] [worker-pool] addWorker(us-central1-api) {"metadata":{"emulator":{"name":"functions"},"message":"[worker-pool] addWorker(us-central1-api)"}}
[debug] [2021-12-12T00:09:49.832Z] [worker-pool] Adding worker with key us-central1-api, total=1 {"metadata":{"emulator":{"name":"functions"},"message":"[worker-pool] Adding worker with key us-central1-api, total=1"}}
[debug] [2021-12-12T00:09:49.832Z] [worker-pool] submitWork(triggerId=us-central1-api) {"metadata":{"emulator":{"name":"functions"},"message":"[worker-pool] submitWork(triggerId=us-central1-api)"}}
[debug] [2021-12-12T00:09:49.832Z] [worker-us-central1-api-769cee76-9d63-46c4-af2c-7591dc766302]: Assigning socketPath: \\?\pipe\C:\Users\pcoll\github\acex-laser-cutters\web\functions\17760 {"metadata":{"emulator":{"name":"functions"},"message":"[worker-us-central1-api-769cee76-9d63-46c4-af2c-7591dc766302]: Assigning socketPath: \\\\?\\pipe\\C:\\Users\\pcoll\\github\\acex-laser-cutters\\web\\functions\\17760"}}
[debug] [2021-12-12T00:09:49.833Z] [worker-us-central1-api-769cee76-9d63-46c4-af2c-7591dc766302]: BUSY {"metadata":{"emulator":{"name":"functions"},"message":"[worker-us-central1-api-769cee76-9d63-46c4-af2c-7591dc766302]: BUSY"}}
[debug] [2021-12-12T00:09:49.838Z] [work-queue] {"queueLength":1,"workRunningCount":1}
[debug] [2021-12-12T00:09:49.838Z] [work-queue] {"queueLength":0,"workRunningCount":2}
[debug] [2021-12-12T00:09:49.839Z] Accepted request GET /acex-iot-e4bf4/us-central1/api/api/getdevicestatuses --> us-central1-api
[debug] [2021-12-12T00:09:49.857Z] [worker-pool] addWorker(us-central1-api) {"metadata":{"emulator":{"name":"functions"},"message":"[worker-pool] addWorker(us-central1-api)"}}
[debug] [2021-12-12T00:09:49.859Z] [worker-pool] Adding worker with key us-central1-api, total=2 {"metadata":{"emulator":{"name":"functions"},"message":"[worker-pool] Adding worker with key us-central1-api, total=2"}}
[debug] [2021-12-12T00:09:49.859Z] [worker-pool] submitWork(triggerId=us-central1-api) {"metadata":{"emulator":{"name":"functions"},"message":"[worker-pool] submitWork(triggerId=us-central1-api)"}}
[debug] [2021-12-12T00:09:49.860Z] [worker-us-central1-api-be9347c9-3b48-447b-9412-f1ce15a8f64b]: Assigning socketPath: \\?\pipe\C:\Users\pcoll\github\acex-laser-cutters\web\functions\5440 {"metadata":{"emulator":{"name":"functions"},"message":"[worker-us-central1-api-be9347c9-3b48-447b-9412-f1ce15a8f64b]: Assigning socketPath: \\\\?\\pipe\\C:\\Users\\pcoll\\github\\acex-laser-cutters\\web\\functions\\5440"}}
[debug] [2021-12-12T00:09:49.860Z] [worker-us-central1-api-be9347c9-3b48-447b-9412-f1ce15a8f64b]: BUSY {"metadata":{"emulator":{"name":"functions"},"message":"[worker-us-central1-api-be9347c9-3b48-447b-9412-f1ce15a8f64b]: BUSY"}}
[debug] [2021-12-12T00:09:50.391Z] [runtime-status] [5440] Functions runtime initialized. {"cwd":"C:\\Users\\pcoll\\github\\acex-laser-cutters\\web\\functions","node_version":"14.16.0"} {"metadata":{"emulator":{"name":"functions"},"function":{"name":"us-central1-api"},"message":"[runtime-status] [5440] Functions runtime initialized. {\"cwd\":\"C:\\\\Users\\\\pcoll\\\\github\\\\acex-laser-cutters\\\\web\\\\functions\",\"node_version\":\"14.16.0\"}"}}
[debug] [2021-12-12T00:09:50.393Z] [runtime-status] [5440] Disabled runtime features: undefined {"metadata":{"emulator":{"name":"functions"},"function":{"name":"us-central1-api"},"message":"[runtime-status] [5440] Disabled runtime features: undefined"}}
[debug] [2021-12-12T00:09:50.395Z] [runtime-status] [17760] Functions runtime initialized. {"cwd":"C:\\Users\\pcoll\\github\\acex-laser-cutters\\web\\functions","node_version":"14.16.0"} {"metadata":{"emulator":{"name":"functions"},"function":{"name":"us-central1-api"},"message":"[runtime-status] [17760] Functions runtime initialized. {\"cwd\":\"C:\\\\Users\\\\pcoll\\\\github\\\\acex-laser-cutters\\\\web\\\\functions\",\"node_version\":\"14.16.0\"}"}}
[debug] [2021-12-12T00:09:50.397Z] [runtime-status] [5440] Resolved module firebase-admin {"declared":true,"installed":true,"version":"9.12.0","resolution":"C:\\Users\\pcoll\\github\\acex-laser-cutters\\web\\functions\\node_modules\\firebase-admin\\lib\\index.js"} {"metadata":{"emulator":{"name":"functions"},"function":{"name":"us-central1-api"},"message":"[runtime-status] [5440] Resolved module firebase-admin {\"declared\":true,\"installed\":true,\"version\":\"9.12.0\",\"resolution\":\"C:\\\\Users\\\\pcoll\\\\github\\\\acex-laser-cutters\\\\web\\\\functions\\\\node_modules\\\\firebase-admin\\\\lib\\\\index.js\"}"}}
[debug] [2021-12-12T00:09:50.397Z] [runtime-status] [17760] Disabled runtime features: undefined {"metadata":{"emulator":{"name":"functions"},"function":{"name":"us-central1-api"},"message":"[runtime-status] [17760] Disabled runtime features: undefined"}}
[debug] [2021-12-12T00:09:50.403Z] [runtime-status] [5440] Resolved module firebase-functions {"declared":true,"installed":true,"version":"3.16.0","resolution":"C:\\Users\\pcoll\\github\\acex-laser-cutters\\web\\functions\\node_modules\\firebase-functions\\lib\\index.js"} {"metadata":{"emulator":{"name":"functions"},"function":{"name":"us-central1-api"},"message":"[runtime-status] [5440] Resolved module firebase-functions {\"declared\":true,\"installed\":true,\"version\":\"3.16.0\",\"resolution\":\"C:\\\\Users\\\\pcoll\\\\github\\\\acex-laser-cutters\\\\web\\\\functions\\\\node_modules\\\\firebase-functions\\\\lib\\\\index.js\"}"}}
[debug] [2021-12-12T00:09:50.404Z] [runtime-status] [17760] Resolved module firebase-admin {"declared":true,"installed":true,"version":"9.12.0","resolution":"C:\\Users\\pcoll\\github\\acex-laser-cutters\\web\\functions\\node_modules\\firebase-admin\\lib\\index.js"} {"metadata":{"emulator":{"name":"functions"},"function":{"name":"us-central1-api"},"message":"[runtime-status] [17760] Resolved module firebase-admin {\"declared\":true,\"installed\":true,\"version\":\"9.12.0\",\"resolution\":\"C:\\\\Users\\\\pcoll\\\\github\\\\acex-laser-cutters\\\\web\\\\functions\\\\node_modules\\\\firebase-admin\\\\lib\\\\index.js\"}"}}
[debug] [2021-12-12T00:09:50.407Z] [runtime-status] [5440] Resolved module firebase-functions {"declared":true,"installed":true,"version":"3.16.0","resolution":"C:\\Users\\pcoll\\github\\acex-laser-cutters\\web\\functions\\node_modules\\firebase-functions\\lib\\index.js"} {"metadata":{"emulator":{"name":"functions"},"function":{"name":"us-central1-api"},"message":"[runtime-status] [5440] Resolved module firebase-functions {\"declared\":true,\"installed\":true,\"version\":\"3.16.0\",\"resolution\":\"C:\\\\Users\\\\pcoll\\\\github\\\\acex-laser-cutters\\\\web\\\\functions\\\\node_modules\\\\firebase-functions\\\\lib\\\\index.js\"}"}}
[debug] [2021-12-12T00:09:50.409Z] [runtime-status] [17760] Resolved module firebase-functions {"declared":true,"installed":true,"version":"3.16.0","resolution":"C:\\Users\\pcoll\\github\\acex-laser-cutters\\web\\functions\\node_modules\\firebase-functions\\lib\\index.js"} {"metadata":{"emulator":{"name":"functions"},"function":{"name":"us-central1-api"},"message":"[runtime-status] [17760] Resolved module firebase-functions {\"declared\":true,\"installed\":true,\"version\":\"3.16.0\",\"resolution\":\"C:\\\\Users\\\\pcoll\\\\github\\\\acex-laser-cutters\\\\web\\\\functions\\\\node_modules\\\\firebase-functions\\\\lib\\\\index.js\"}"}}
[debug] [2021-12-12T00:09:50.409Z] [runtime-status] [5440] Outgoing network have been stubbed. [{"name":"http","status":"mocked"},{"name":"http","status":"mocked"},{"name":"https","status":"mocked"},{"name":"https","status":"mocked"},{"name":"net","status":"mocked"}] {"metadata":{"emulator":{"name":"functions"},"function":{"name":"us-central1-api"},"message":"[runtime-status] [5440] Outgoing network have been stubbed. [{\"name\":\"http\",\"status\":\"mocked\"},{\"name\":\"http\",\"status\":\"mocked\"},{\"name\":\"https\",\"status\":\"mocked\"},{\"name\":\"https\",\"status\":\"mocked\"},{\"name\":\"net\",\"status\":\"mocked\"}]"}}
[debug] [2021-12-12T00:09:50.411Z] [runtime-status] [5440] Resolved module firebase-functions {"declared":true,"installed":true,"version":"3.16.0","resolution":"C:\\Users\\pcoll\\github\\acex-laser-cutters\\web\\functions\\node_modules\\firebase-functions\\lib\\index.js"} {"metadata":{"emulator":{"name":"functions"},"function":{"name":"us-central1-api"},"message":"[runtime-status] [5440] Resolved module firebase-functions {\"declared\":true,\"installed\":true,\"version\":\"3.16.0\",\"resolution\":\"C:\\\\Users\\\\pcoll\\\\github\\\\acex-laser-cutters\\\\web\\\\functions\\\\node_modules\\\\firebase-functions\\\\lib\\\\index.js\"}"}}
[debug] [2021-12-12T00:09:50.411Z] [runtime-status] [17760] Resolved module firebase-functions {"declared":true,"installed":true,"version":"3.16.0","resolution":"C:\\Users\\pcoll\\github\\acex-laser-cutters\\web\\functions\\node_modules\\firebase-functions\\lib\\index.js"} {"metadata":{"emulator":{"name":"functions"},"function":{"name":"us-central1-api"},"message":"[runtime-status] [17760] Resolved module firebase-functions {\"declared\":true,\"installed\":true,\"version\":\"3.16.0\",\"resolution\":\"C:\\\\Users\\\\pcoll\\\\github\\\\acex-laser-cutters\\\\web\\\\functions\\\\node_modules\\\\firebase-functions\\\\lib\\\\index.js\"}"}}
[debug] [2021-12-12T00:09:50.414Z] [runtime-status] [17760] Outgoing network have been stubbed. [{"name":"http","status":"mocked"},{"name":"http","status":"mocked"},{"name":"https","status":"mocked"},{"name":"https","status":"mocked"},{"name":"net","status":"mocked"}] {"metadata":{"emulator":{"name":"functions"},"function":{"name":"us-central1-api"},"message":"[runtime-status] [17760] Outgoing network have been stubbed. [{\"name\":\"http\",\"status\":\"mocked\"},{\"name\":\"http\",\"status\":\"mocked\"},{\"name\":\"https\",\"status\":\"mocked\"},{\"name\":\"https\",\"status\":\"mocked\"},{\"name\":\"net\",\"status\":\"mocked\"}]"}}
[debug] [2021-12-12T00:09:50.415Z] [runtime-status] [17760] Resolved module firebase-functions {"declared":true,"installed":true,"version":"3.16.0","resolution":"C:\\Users\\pcoll\\github\\acex-laser-cutters\\web\\functions\\node_modules\\firebase-functions\\lib\\index.js"} {"metadata":{"emulator":{"name":"functions"},"function":{"name":"us-central1-api"},"message":"[runtime-status] [17760] Resolved module firebase-functions {\"declared\":true,\"installed\":true,\"version\":\"3.16.0\",\"resolution\":\"C:\\\\Users\\\\pcoll\\\\github\\\\acex-laser-cutters\\\\web\\\\functions\\\\node_modules\\\\firebase-functions\\\\lib\\\\index.js\"}"}}
[debug] [2021-12-12T00:09:50.472Z] [runtime-status] [5440] Checked functions.config() {"config":{}} {"metadata":{"emulator":{"name":"functions"},"function":{"name":"us-central1-api"},"message":"[runtime-status] [5440] Checked functions.config() {\"config\":{}}"}}
[debug] [2021-12-12T00:09:50.472Z] [runtime-status] [5440] firebase-functions has been stubbed. {"functionsResolution":{"declared":true,"installed":true,"version":"3.16.0","resolution":"C:\\Users\\pcoll\\github\\acex-laser-cutters\\web\\functions\\node_modules\\firebase-functions\\lib\\index.js"}} {"metadata":{"emulator":{"name":"functions"},"function":{"name":"us-central1-api"},"message":"[runtime-status] [5440] firebase-functions has been stubbed. {\"functionsResolution\":{\"declared\":true,\"installed\":true,\"version\":\"3.16.0\",\"resolution\":\"C:\\\\Users\\\\pcoll\\\\github\\\\acex-laser-cutters\\\\web\\\\functions\\\\node_modules\\\\firebase-functions\\\\lib\\\\index.js\"}}"}}
[debug] [2021-12-12T00:09:50.472Z] [runtime-status] [5440] Resolved module firebase-functions {"declared":true,"installed":true,"version":"3.16.0","resolution":"C:\\Users\\pcoll\\github\\acex-laser-cutters\\web\\functions\\node_modules\\firebase-functions\\lib\\index.js"} {"metadata":{"emulator":{"name":"functions"},"function":{"name":"us-central1-api"},"message":"[runtime-status] [5440] Resolved module firebase-functions {\"declared\":true,\"installed\":true,\"version\":\"3.16.0\",\"resolution\":\"C:\\\\Users\\\\pcoll\\\\github\\\\acex-laser-cutters\\\\web\\\\functions\\\\node_modules\\\\firebase-functions\\\\lib\\\\index.js\"}"}}
[debug] [2021-12-12T00:09:50.473Z] [runtime-status] [5440] Resolved module firebase-admin {"declared":true,"installed":true,"version":"9.12.0","resolution":"C:\\Users\\pcoll\\github\\acex-laser-cutters\\web\\functions\\node_modules\\firebase-admin\\lib\\index.js"} {"metadata":{"emulator":{"name":"functions"},"function":{"name":"us-central1-api"},"message":"[runtime-status] [5440] Resolved module firebase-admin {\"declared\":true,\"installed\":true,\"version\":\"9.12.0\",\"resolution\":\"C:\\\\Users\\\\pcoll\\\\github\\\\acex-laser-cutters\\\\web\\\\functions\\\\node_modules\\\\firebase-admin\\\\lib\\\\index.js\"}"}}
[debug] [2021-12-12T00:09:50.474Z] [runtime-status] [17760] Checked functions.config() {"config":{}} {"metadata":{"emulator":{"name":"functions"},"function":{"name":"us-central1-api"},"message":"[runtime-status] [17760] Checked functions.config() {\"config\":{}}"}}
[debug] [2021-12-12T00:09:50.474Z] [runtime-status] [5440] Resolved module firebase-functions {"declared":true,"installed":true,"version":"3.16.0","resolution":"C:\\Users\\pcoll\\github\\acex-laser-cutters\\web\\functions\\node_modules\\firebase-functions\\lib\\index.js"} {"metadata":{"emulator":{"name":"functions"},"function":{"name":"us-central1-api"},"message":"[runtime-status] [5440] Resolved module firebase-functions {\"declared\":true,\"installed\":true,\"version\":\"3.16.0\",\"resolution\":\"C:\\\\Users\\\\pcoll\\\\github\\\\acex-laser-cutters\\\\web\\\\functions\\\\node_modules\\\\firebase-functions\\\\lib\\\\index.js\"}"}}
[debug] [2021-12-12T00:09:50.474Z] [runtime-status] [5440] firebase-admin has been stubbed. {"adminResolution":{"declared":true,"installed":true,"version":"9.12.0","resolution":"C:\\Users\\pcoll\\github\\acex-laser-cutters\\web\\functions\\node_modules\\firebase-admin\\lib\\index.js"}} {"metadata":{"emulator":{"name":"functions"},"function":{"name":"us-central1-api"},"message":"[runtime-status] [5440] firebase-admin has been stubbed. {\"adminResolution\":{\"declared\":true,\"installed\":true,\"version\":\"9.12.0\",\"resolution\":\"C:\\\\Users\\\\pcoll\\\\github\\\\acex-laser-cutters\\\\web\\\\functions\\\\node_modules\\\\firebase-admin\\\\lib\\\\index.js\"}}"}}
[debug] [2021-12-12T00:09:50.474Z] [runtime-status] [17760] firebase-functions has been stubbed. {"functionsResolution":{"declared":true,"installed":true,"version":"3.16.0","resolution":"C:\\Users\\pcoll\\github\\acex-laser-cutters\\web\\functions\\node_modules\\firebase-functions\\lib\\index.js"}} {"metadata":{"emulator":{"name":"functions"},"function":{"name":"us-central1-api"},"message":"[runtime-status] [17760] firebase-functions has been stubbed. {\"functionsResolution\":{\"declared\":true,\"installed\":true,\"version\":\"3.16.0\",\"resolution\":\"C:\\\\Users\\\\pcoll\\\\github\\\\acex-laser-cutters\\\\web\\\\functions\\\\node_modules\\\\firebase-functions\\\\lib\\\\index.js\"}}"}}
[debug] [2021-12-12T00:09:50.475Z] [runtime-status] [17760] Resolved module firebase-functions {"declared":true,"installed":true,"version":"3.16.0","resolution":"C:\\Users\\pcoll\\github\\acex-laser-cutters\\web\\functions\\node_modules\\firebase-functions\\lib\\index.js"} {"metadata":{"emulator":{"name":"functions"},"function":{"name":"us-central1-api"},"message":"[runtime-status] [17760] Resolved module firebase-functions {\"declared\":true,\"installed\":true,\"version\":\"3.16.0\",\"resolution\":\"C:\\\\Users\\\\pcoll\\\\github\\\\acex-laser-cutters\\\\web\\\\functions\\\\node_modules\\\\firebase-functions\\\\lib\\\\index.js\"}"}}
[debug] [2021-12-12T00:09:50.477Z] [runtime-status] [17760] Resolved module firebase-admin {"declared":true,"installed":true,"version":"9.12.0","resolution":"C:\\Users\\pcoll\\github\\acex-laser-cutters\\web\\functions\\node_modules\\firebase-admin\\lib\\index.js"} {"metadata":{"emulator":{"name":"functions"},"function":{"name":"us-central1-api"},"message":"[runtime-status] [17760] Resolved module firebase-admin {\"declared\":true,\"installed\":true,\"version\":\"9.12.0\",\"resolution\":\"C:\\\\Users\\\\pcoll\\\\github\\\\acex-laser-cutters\\\\web\\\\functions\\\\node_modules\\\\firebase-admin\\\\lib\\\\index.js\"}"}}
[debug] [2021-12-12T00:09:50.479Z] [runtime-status] [17760] Resolved module firebase-functions {"declared":true,"installed":true,"version":"3.16.0","resolution":"C:\\Users\\pcoll\\github\\acex-laser-cutters\\web\\functions\\node_modules\\firebase-functions\\lib\\index.js"} {"metadata":{"emulator":{"name":"functions"},"function":{"name":"us-central1-api"},"message":"[runtime-status] [17760] Resolved module firebase-functions {\"declared\":true,\"installed\":true,\"version\":\"3.16.0\",\"resolution\":\"C:\\\\Users\\\\pcoll\\\\github\\\\acex-laser-cutters\\\\web\\\\functions\\\\node_modules\\\\firebase-functions\\\\lib\\\\index.js\"}"}}
[debug] [2021-12-12T00:09:50.479Z] [runtime-status] [17760] firebase-admin has been stubbed. {"adminResolution":{"declared":true,"installed":true,"version":"9.12.0","resolution":"C:\\Users\\pcoll\\github\\acex-laser-cutters\\web\\functions\\node_modules\\firebase-admin\\lib\\index.js"}} {"metadata":{"emulator":{"name":"functions"},"function":{"name":"us-central1-api"},"message":"[runtime-status] [17760] firebase-admin has been stubbed. {\"adminResolution\":{\"declared\":true,\"installed\":true,\"version\":\"9.12.0\",\"resolution\":\"C:\\\\Users\\\\pcoll\\\\github\\\\acex-laser-cutters\\\\web\\\\functions\\\\node_modules\\\\firebase-admin\\\\lib\\\\index.js\"}}"}}
[info] i  hosting: 127.0.0.1 - - [12/Dec/2021:00:09:50 +0000] "GET /manifest.json HTTP/1.1" 200 492 "http://localhost:5000/" "Mozilla/5.0 (Windows NT 10.0; Win64; x64) AppleWebKit/537.36 (KHTML, like Gecko) Chrome/96.0.4664.93 Safari/537.36" {"metadata":{"emulator":{"name":"hosting"},"message":"127.0.0.1 - - [12/Dec/2021:00:09:50 +0000] \"GET /manifest.json HTTP/1.1\" 200 492 \"http://localhost:5000/\" \"Mozilla/5.0 (Windows NT 10.0; Win64; x64) AppleWebKit/537.36 (KHTML, like Gecko) Chrome/96.0.4664.93 Safari/537.36\""}}
[info] i  hosting: 127.0.0.1 - - [12/Dec/2021:00:09:50 +0000] "GET /logo192.png HTTP/1.1" 200 5347 "http://localhost:5000/" "Mozilla/5.0 (Windows NT 10.0; Win64; x64) AppleWebKit/537.36 (KHTML, like Gecko) Chrome/96.0.4664.93 Safari/537.36" {"metadata":{"emulator":{"name":"hosting"},"message":"127.0.0.1 - - [12/Dec/2021:00:09:50 +0000] \"GET /logo192.png HTTP/1.1\" 200 5347 \"http://localhost:5000/\" \"Mozilla/5.0 (Windows NT 10.0; Win64; x64) AppleWebKit/537.36 (KHTML, like Gecko) Chrome/96.0.4664.93 Safari/537.36\""}}
[debug] [2021-12-12T00:09:50.857Z] [runtime-status] [17760] Trigger "us-central1-api" has been found, beginning invocation! {"metadata":{"emulator":{"name":"functions"},"function":{"name":"us-central1-api"},"message":"[runtime-status] [17760] Trigger \"us-central1-api\" has been found, beginning invocation!"}}
[info] i  functions: Beginning execution of "us-central1-api" {"metadata":{"emulator":{"name":"functions"},"function":{"name":"us-central1-api"},"message":"Beginning execution of \"us-central1-api\""}}
[debug] [2021-12-12T00:09:50.858Z] [runtime-status] [17760] triggerDefinition {"httpsTrigger":{},"name":"api","entryPoint":"api","regions":["us-central1"],"region":"us-central1","id":"us-central1-api"} {"metadata":{"emulator":{"name":"functions"},"function":{"name":"us-central1-api"},"message":"[runtime-status] [17760] triggerDefinition {\"httpsTrigger\":{},\"name\":\"api\",\"entryPoint\":\"api\",\"regions\":[\"us-central1\"],\"region\":\"us-central1\",\"id\":\"us-central1-api\"}"}}
[debug] [2021-12-12T00:09:50.858Z] [runtime-status] [17760] Running us-central1-api in mode HTTPS {"metadata":{"emulator":{"name":"functions"},"function":{"name":"us-central1-api"},"message":"[runtime-status] [17760] Running us-central1-api in mode HTTPS"}}
[debug] [2021-12-12T00:09:50.859Z] [runtime-status] [5440] Trigger "us-central1-api" has been found, beginning invocation! {"metadata":{"emulator":{"name":"functions"},"function":{"name":"us-central1-api"},"message":"[runtime-status] [5440] Trigger \"us-central1-api\" has been found, beginning invocation!"}}
[info] i  functions: Beginning execution of "us-central1-api" {"metadata":{"emulator":{"name":"functions"},"function":{"name":"us-central1-api"},"message":"Beginning execution of \"us-central1-api\""}}
[debug] [2021-12-12T00:09:50.859Z] [runtime-status] [5440] triggerDefinition {"httpsTrigger":{},"name":"api","entryPoint":"api","regions":["us-central1"],"region":"us-central1","id":"us-central1-api"} {"metadata":{"emulator":{"name":"functions"},"function":{"name":"us-central1-api"},"message":"[runtime-status] [5440] triggerDefinition {\"httpsTrigger\":{},\"name\":\"api\",\"entryPoint\":\"api\",\"regions\":[\"us-central1\"],\"region\":\"us-central1\",\"id\":\"us-central1-api\"}"}}
[debug] [2021-12-12T00:09:50.860Z] [runtime-status] [5440] Running us-central1-api in mode HTTPS {"metadata":{"emulator":{"name":"functions"},"function":{"name":"us-central1-api"},"message":"[runtime-status] [5440] Running us-central1-api in mode HTTPS"}}
[debug] [2021-12-12T00:09:50.863Z] [runtime-status] [17760] Attempting to listen to socketPath: \\?\pipe\C:\Users\pcoll\github\acex-laser-cutters\web\functions\17760 {"metadata":{"emulator":{"name":"functions"},"function":{"name":"us-central1-api"},"message":"[runtime-status] [17760] Attempting to listen to socketPath: \\\\?\\pipe\\C:\\Users\\pcoll\\github\\acex-laser-cutters\\web\\functions\\17760"}}
[debug] [2021-12-12T00:09:50.864Z] [runtime-status] [5440] Attempting to listen to socketPath: \\?\pipe\C:\Users\pcoll\github\acex-laser-cutters\web\functions\5440 {"metadata":{"emulator":{"name":"functions"},"function":{"name":"us-central1-api"},"message":"[runtime-status] [5440] Attempting to listen to socketPath: \\\\?\\pipe\\C:\\Users\\pcoll\\github\\acex-laser-cutters\\web\\functions\\5440"}}
[debug] [2021-12-12T00:09:50.872Z] [functions] Runtime ready! Sending request! {"metadata":{"emulator":{"name":"functions"},"message":"[functions] Runtime ready! Sending request!"}}
[debug] [2021-12-12T00:09:50.873Z] [functions] Got req.url=/acex-iot-e4bf4/us-central1/api/api/getchart1data, mapping to path=/api/getchart1data {"metadata":{"emulator":{"name":"functions"},"message":"[functions] Got req.url=/acex-iot-e4bf4/us-central1/api/api/getchart1data, mapping to path=/api/getchart1data"}}
[debug] [2021-12-12T00:09:50.877Z] [functions] Runtime ready! Sending request! {"metadata":{"emulator":{"name":"functions"},"message":"[functions] Runtime ready! Sending request!"}}
[debug] [2021-12-12T00:09:50.877Z] [functions] Got req.url=/acex-iot-e4bf4/us-central1/api/api/getdevicestatuses, mapping to path=/api/getdevicestatuses {"metadata":{"emulator":{"name":"functions"},"message":"[functions] Got req.url=/acex-iot-e4bf4/us-central1/api/api/getdevicestatuses, mapping to path=/api/getdevicestatuses"}}
[debug] [2021-12-12T00:09:50.879Z] [runtime-status] [17760] Ephemeral server handling GET request {"metadata":{"emulator":{"name":"functions"},"function":{"name":"us-central1-api"},"message":"[runtime-status] [17760] Ephemeral server handling GET request"}}
[debug] [2021-12-12T00:09:50.882Z] [runtime-status] [5440] Ephemeral server handling GET request {"metadata":{"emulator":{"name":"functions"},"function":{"name":"us-central1-api"},"message":"[runtime-status] [5440] Ephemeral server handling GET request"}}
[debug] [2021-12-12T00:09:50.883Z] [runtime-status] [17760] Ephemeral server survived. {"metadata":{"emulator":{"name":"functions"},"function":{"name":"us-central1-api"},"message":"[runtime-status] [17760] Ephemeral server survived."}}
[debug] [2021-12-12T00:09:50.888Z] [runtime-status] [5440] Ephemeral server survived. {"metadata":{"emulator":{"name":"functions"},"function":{"name":"us-central1-api"},"message":"[runtime-status] [5440] Ephemeral server survived."}}
[debug] [2021-12-12T00:09:51.329Z] <<< [apiv2][status] GET http://localhost:5001/acex-iot-e4bf4/us-central1/api/api/getdevicestatuses 200
[debug] [2021-12-12T00:09:51.329Z] <<< [apiv2][body] GET http://localhost:5001/acex-iot-e4bf4/us-central1/api/api/getdevicestatuses [stream]
[info] i  hosting: 127.0.0.1 - - [12/Dec/2021:00:09:51 +0000] "GET /api/getdevicestatuses HTTP/1.1" 200 144 "http://localhost:5000/" "Mozilla/5.0 (Windows NT 10.0; Win64; x64) AppleWebKit/537.36 (KHTML, like Gecko) Chrome/96.0.4664.93 Safari/537.36" {"metadata":{"emulator":{"name":"hosting"},"message":"127.0.0.1 - - [12/Dec/2021:00:09:51 +0000] \"GET /api/getdevicestatuses HTTP/1.1\" 200 144 \"http://localhost:5000/\" \"Mozilla/5.0 (Windows NT 10.0; Win64; x64) AppleWebKit/537.36 (KHTML, like Gecko) Chrome/96.0.4664.93 Safari/537.36\""}}
[info] i  functions: Finished "us-central1-api" in ~1s {"metadata":{"emulator":{"name":"functions"},"function":{"name":"us-central1-api"},"message":"Finished \"us-central1-api\" in ~1s"}}
[debug] [2021-12-12T00:09:51.332Z] [worker-us-central1-api-be9347c9-3b48-447b-9412-f1ce15a8f64b]: IDLE {"metadata":{"emulator":{"name":"functions"},"message":"[worker-us-central1-api-be9347c9-3b48-447b-9412-f1ce15a8f64b]: IDLE"}}
[debug] [2021-12-12T00:09:51.333Z] [work-queue] {"queueLength":0,"workRunningCount":1}
[info] i  hosting: 127.0.0.1 - - [12/Dec/2021:00:09:51 +0000] "GET /laser-cutter-icon.png HTTP/1.1" 200 6545 "http://localhost:5000/" "Mozilla/5.0 (Windows NT 10.0; Win64; x64) AppleWebKit/537.36 (KHTML, like Gecko) Chrome/96.0.4664.93 Safari/537.36" {"metadata":{"emulator":{"name":"hosting"},"message":"127.0.0.1 - - [12/Dec/2021:00:09:51 +0000] \"GET /laser-cutter-icon.png HTTP/1.1\" 200 6545 \"http://localhost:5000/\" \"Mozilla/5.0 (Windows NT 10.0; Win64; x64) AppleWebKit/537.36 (KHTML, like Gecko) Chrome/96.0.4664.93 Safari/537.36\""}}
[debug] [2021-12-12T00:09:52.520Z] <<< [apiv2][status] GET http://localhost:5001/acex-iot-e4bf4/us-central1/api/api/getchart1data 200
[debug] [2021-12-12T00:09:52.520Z] <<< [apiv2][body] GET http://localhost:5001/acex-iot-e4bf4/us-central1/api/api/getchart1data [stream]
[info] i  hosting: 127.0.0.1 - - [12/Dec/2021:00:09:52 +0000] "GET /api/getchart1data HTTP/1.1" 200 691936 "http://localhost:5000/" "Mozilla/5.0 (Windows NT 10.0; Win64; x64) AppleWebKit/537.36 (KHTML, like Gecko) Chrome/96.0.4664.93 Safari/537.36" {"metadata":{"emulator":{"name":"hosting"},"message":"127.0.0.1 - - [12/Dec/2021:00:09:52 +0000] \"GET /api/getchart1data HTTP/1.1\" 200 691936 \"http://localhost:5000/\" \"Mozilla/5.0 (Windows NT 10.0; Win64; x64) AppleWebKit/537.36 (KHTML, like Gecko) Chrome/96.0.4664.93 Safari/537.36\""}}
[info] i  functions: Finished "us-central1-api" in ~1s {"metadata":{"emulator":{"name":"functions"},"function":{"name":"us-central1-api"},"message":"Finished \"us-central1-api\" in ~1s"}}
[debug] [2021-12-12T00:09:52.528Z] [worker-us-central1-api-769cee76-9d63-46c4-af2c-7591dc766302]: IDLE {"metadata":{"emulator":{"name":"functions"},"message":"[worker-us-central1-api-769cee76-9d63-46c4-af2c-7591dc766302]: IDLE"}}
[debug] [2021-12-12T00:09:52.528Z] [work-queue] {"queueLength":0,"workRunningCount":0}
[debug] [2021-12-12T00:31:10.266Z] [worker-us-central1-api-be9347c9-3b48-447b-9412-f1ce15a8f64b]: exited {"metadata":{"emulator":{"name":"functions"},"message":"[worker-us-central1-api-be9347c9-3b48-447b-9412-f1ce15a8f64b]: exited"}}
[debug] [2021-12-12T00:31:10.267Z] [worker-us-central1-api-be9347c9-3b48-447b-9412-f1ce15a8f64b]: FINISHED {"metadata":{"emulator":{"name":"functions"},"message":"[worker-us-central1-api-be9347c9-3b48-447b-9412-f1ce15a8f64b]: FINISHED"}}
